[2026-05-05 02:17:19] [32minfo[39m: ЁЯЪА AutoDialer API running on http://localhost:3000
[2026-05-05 02:17:19] [32minfo[39m: ЁЯУж Environment: development
[2026-05-05 03:39:10] [32minfo[39m: ЁЯЪА AutoDialer API running on http://localhost:3000
[2026-05-05 03:39:10] [32minfo[39m: ЁЯУж Environment: development
[2026-05-05 03:54:58] [32minfo[39m: ЁЯЪА AutoDialer API running on http://localhost:3000
[2026-05-05 03:54:58] [32minfo[39m: ЁЯУж Environment: development
[2026-05-05 04:31:54] [32minfo[39m: ЁЯЪА AutoDialer API running on http://localhost:3000
[2026-05-05 04:31:54] [32minfo[39m: ЁЯУж Environment: development
[2026-05-05 04:41:26] [31merror[39m: POST /api/agents тАФ Email already registered
[2026-05-05 05:05:08] [32minfo[39m: ЁЯЪА AutoDialer API running on http://localhost:3000
[2026-05-05 05:05:08] [32minfo[39m: ЁЯУж Environment: development
[2026-05-05 05:36:39] [32minfo[39m: ЁЯЪА AutoDialer API running on http://localhost:3000
[2026-05-05 05:36:39] [32minfo[39m: ЁЯУж Environment: development
[2026-05-05 14:25:12] [32minfo[39m: ЁЯЪА AutoDialer API running on http://localhost:3000
[2026-05-05 14:25:12] [32minfo[39m: ЁЯУж Environment: development
[2026-05-05 15:03:54] [31merror[39m: POST /api/dialer/call/manual тАФ Url is not a valid URL: http://localhost:3000/api/dialer/twiml/connect/1
[2026-05-05 16:14:32] [32minfo[39m: ЁЯЪА AutoDialer API running on http://localhost:3000
[2026-05-05 16:14:32] [32minfo[39m: ЁЯУж Environment: development
[2026-05-05 16:17:29] [32minfo[39m: ЁЯУЮ Call initiated: CA5c3ddc91dc44f70a7ffe5d5aa9714b4d тЖТ +17863690930
[2026-05-05 16:18:22] [32minfo[39m: ЁЯУЮ Call initiated: CA38121bde2128d05bbbd4bf6a6969dc16 тЖТ +17863690930
[2026-05-05 20:17:56] [32minfo[39m: ЁЯЪА AutoDialer API running on http://localhost:3000
[2026-05-05 20:17:56] [32minfo[39m: ЁЯУж Environment: development
[2026-05-05 20:18:44] [31merror[39m: GET /api/campaigns тАФ 
Invalid `prisma.contact.count()` invocation in
/Volumes/iMac_Zee_HD2/dialer-backend/src/services/campaign.service.ts:44:24

  41 campaigns.map(async (c) => {
  42   const [pending, answered, missed, active] = await Promise.all([
  43     prisma.contact.count({ where: { campaignId: c.id, status: 'PENDING' } }),
тЖТ 44     prisma.contact.count(
Timed out fetching a new connection from the connection pool. More info: http://pris.ly/d/connection-pool (Current connection pool timeout: 10, connection limit: 1)
[2026-05-05 20:18:45] [31merror[39m: GET /api/campaigns тАФ 
Invalid `prisma.contact.count()` invocation in
/Volumes/iMac_Zee_HD2/dialer-backend/src/services/campaign.service.ts:43:24

  40 const enriched = await Promise.all(
  41   campaigns.map(async (c) => {
  42     const [pending, answered, missed, active] = await Promise.all([
тЖТ 43       prisma.contact.count(
Timed out fetching a new connection from the connection pool. More info: http://pris.ly/d/connection-pool (Current connection pool timeout: 10, connection limit: 1)
[2026-05-05 20:18:48] [31merror[39m: GET /api/campaigns/stats тАФ 
Invalid `prisma.campaign.count()` invocation in
/Volumes/iMac_Zee_HD2/dialer-backend/src/services/campaign.service.ts:195:21

  192 export const getCampaignStats = async () => {
  193   const [total, draft, active, paused, completed] = await Promise.all([
  194     prisma.campaign.count(),
тЖТ 195     prisma.campaign.count(
Timed out fetching a new connection from the connection pool. More info: http://pris.ly/d/connection-pool (Current connection pool timeout: 10, connection limit: 1)
[2026-05-05 20:18:48] [31merror[39m: GET /api/campaigns тАФ 
Invalid `prisma.campaign.findMany()` invocation in
/Volumes/iMac_Zee_HD2/dialer-backend/src/services/campaign.service.ts:22:21

  19 }
  20 
  21 const [campaigns, total] = await Promise.all([
тЖТ 22   prisma.campaign.findMany(
Timed out fetching a new connection from the connection pool. More info: http://pris.ly/d/connection-pool (Current connection pool timeout: 10, connection limit: 1)
[2026-05-05 20:18:48] [31merror[39m: GET /api/campaigns тАФ 
Invalid `prisma.campaign.findMany()` invocation in
/Volumes/iMac_Zee_HD2/dialer-backend/src/services/campaign.service.ts:22:21

  19 }
  20 
  21 const [campaigns, total] = await Promise.all([
тЖТ 22   prisma.campaign.findMany(
Timed out fetching a new connection from the connection pool. More info: http://pris.ly/d/connection-pool (Current connection pool timeout: 10, connection limit: 1)
[2026-05-05 20:18:55] [31merror[39m: GET /api/campaigns/stats тАФ 
Invalid `prisma.campaign.count()` invocation in
/Volumes/iMac_Zee_HD2/dialer-backend/src/services/campaign.service.ts:196:21

  193 const [total, draft, active, paused, completed] = await Promise.all([
  194   prisma.campaign.count(),
  195   prisma.campaign.count({ where: { status: 'DRAFT'     } }),
тЖТ 196   prisma.campaign.count(
Timed out fetching a new connection from the connection pool. More info: http://pris.ly/d/connection-pool (Current connection pool timeout: 10, connection limit: 1)
[2026-05-05 20:18:55] [31merror[39m: GET /api/campaigns тАФ 
Invalid `prisma.campaign.findMany()` invocation in
/Volumes/iMac_Zee_HD2/dialer-backend/src/services/campaign.service.ts:22:21

  19 }
  20 
  21 const [campaigns, total] = await Promise.all([
тЖТ 22   prisma.campaign.findMany(
Timed out fetching a new connection from the connection pool. More info: http://pris.ly/d/connection-pool (Current connection pool timeout: 10, connection limit: 1)
[2026-05-05 20:19:11] [31merror[39m: GET /api/campaigns/stats тАФ 
Invalid `prisma.campaign.count()` invocation in
/Volumes/iMac_Zee_HD2/dialer-backend/src/services/campaign.service.ts:198:21

  195 prisma.campaign.count({ where: { status: 'DRAFT'     } }),
  196 prisma.campaign.count({ where: { status: 'ACTIVE'    } }),
  197 prisma.campaign.count({ where: { status: 'PAUSED'    } }),
тЖТ 198 prisma.campaign.count(
Timed out fetching a new connection from the connection pool. More info: http://pris.ly/d/connection-pool (Current connection pool timeout: 10, connection limit: 1)
[2026-05-05 20:19:15] [31merror[39m: GET /api/campaigns тАФ 
Invalid `prisma.contact.count()` invocation in
/Volumes/iMac_Zee_HD2/dialer-backend/src/services/campaign.service.ts:44:24

  41 campaigns.map(async (c) => {
  42   const [pending, answered, missed, active] = await Promise.all([
  43     prisma.contact.count({ where: { campaignId: c.id, status: 'PENDING' } }),
тЖТ 44     prisma.contact.count(
Timed out fetching a new connection from the connection pool. More info: http://pris.ly/d/connection-pool (Current connection pool timeout: 10, connection limit: 1)
[2026-05-05 20:19:23] [31merror[39m: GET /api/campaigns/stats тАФ 
Invalid `prisma.campaign.count()` invocation in
/Volumes/iMac_Zee_HD2/dialer-backend/src/services/campaign.service.ts:198:21

  195 prisma.campaign.count({ where: { status: 'DRAFT'     } }),
  196 prisma.campaign.count({ where: { status: 'ACTIVE'    } }),
  197 prisma.campaign.count({ where: { status: 'PAUSED'    } }),
тЖТ 198 prisma.campaign.count(
Timed out fetching a new connection from the connection pool. More info: http://pris.ly/d/connection-pool (Current connection pool timeout: 10, connection limit: 1)
[2026-05-05 20:19:25] [31merror[39m: GET /api/agents/stats тАФ 
Invalid `prisma.user.count()` invocation in
/Volumes/iMac_Zee_HD2/dialer-backend/src/services/agent.service.ts:211:17

  208 prisma.user.count({ where: { status: 'ONLINE'   } }),
  209 prisma.user.count({ where: { status: 'READY'    } }),
  210 prisma.user.count({ where: { status: 'BUSY'     } }),
тЖТ 211 prisma.user.count(
Timed out fetching a new connection from the connection pool. More info: http://pris.ly/d/connection-pool (Current connection pool timeout: 10, connection limit: 1)
[2026-05-05 20:19:25] [31merror[39m: GET /api/campaigns тАФ 
Invalid `prisma.campaign.findMany()` invocation in
/Volumes/iMac_Zee_HD2/dialer-backend/src/services/campaign.service.ts:22:21

  19 }
  20 
  21 const [campaigns, total] = await Promise.all([
тЖТ 22   prisma.campaign.findMany(
Timed out fetching a new connection from the connection pool. More info: http://pris.ly/d/connection-pool (Current connection pool timeout: 10, connection limit: 1)
[2026-05-05 20:19:26] [31merror[39m: GET /api/campaigns/stats тАФ 
Invalid `prisma.campaign.count()` invocation in
/Volumes/iMac_Zee_HD2/dialer-backend/src/services/campaign.service.ts:195:21

  192 export const getCampaignStats = async () => {
  193   const [total, draft, active, paused, completed] = await Promise.all([
  194     prisma.campaign.count(),
тЖТ 195     prisma.campaign.count(
Timed out fetching a new connection from the connection pool. More info: http://pris.ly/d/connection-pool (Current connection pool timeout: 10, connection limit: 1)
[2026-05-05 20:19:26] [31merror[39m: GET /api/agents/stats тАФ 
Invalid `prisma.user.count()` invocation in
/Volumes/iMac_Zee_HD2/dialer-backend/src/services/agent.service.ts:207:17

  204 
  205 export const getAgentStats = async () => {
  206   const [total, online, ready, busy, wrapUp, offline] = await Promise.all([
тЖТ 207     prisma.user.count(
Timed out fetching a new connection from the connection pool. More info: http://pris.ly/d/connection-pool (Current connection pool timeout: 10, connection limit: 1)
[2026-05-05 20:19:26] [31merror[39m: GET /api/agents/stats тАФ 
Invalid `prisma.user.count()` invocation in
/Volumes/iMac_Zee_HD2/dialer-backend/src/services/agent.service.ts:207:17

  204 
  205 export const getAgentStats = async () => {
  206   const [total, online, ready, busy, wrapUp, offline] = await Promise.all([
тЖТ 207     prisma.user.count(
Timed out fetching a new connection from the connection pool. More info: http://pris.ly/d/connection-pool (Current connection pool timeout: 10, connection limit: 1)
[2026-05-05 20:19:26] [31merror[39m: GET /api/agents тАФ 
Invalid `prisma.user.findMany()` invocation in
/Volumes/iMac_Zee_HD2/dialer-backend/src/services/agent.service.ts:34:17

  31 }
  32 
  33 const [agents, total] = await Promise.all([
тЖТ 34   prisma.user.findMany(
Timed out fetching a new connection from the connection pool. More info: http://pris.ly/d/connection-pool (Current connection pool timeout: 10, connection limit: 1)
[2026-05-05 20:19:26] [31merror[39m: GET /api/campaigns тАФ 
Invalid `prisma.contact.count()` invocation in
/Volumes/iMac_Zee_HD2/dialer-backend/src/services/campaign.service.ts:44:24

  41 campaigns.map(async (c) => {
  42   const [pending, answered, missed, active] = await Promise.all([
  43     prisma.contact.count({ where: { campaignId: c.id, status: 'PENDING' } }),
тЖТ 44     prisma.contact.count(
Timed out fetching a new connection from the connection pool. More info: http://pris.ly/d/connection-pool (Current connection pool timeout: 10, connection limit: 1)
[2026-05-05 20:46:41] [32minfo[39m: ЁЯЪА JD Dialer Backend running on http://localhost:3000
[2026-05-05 20:55:02] [32minfo[39m: ЁЯЪА JD Dialer Backend running on http://localhost:3000
[2026-05-05 21:11:41] [32minfo[39m: ЁЯЪА JD Dialer Backend running on http://localhost:3000
[2026-05-05 22:38:16] [32minfo[39m: ЁЯЪА JD Dialer Backend running on http://localhost:3000
[2026-05-06 00:12:51] [32minfo[39m: ЁЯЪА JD Dialer Backend running on http://localhost:3000
[2026-05-07 10:02:14] [32minfo[39m: ЁЯЪА JD Dialer Backend running on http://localhost:3000
[2026-05-07 11:48:38] [32minfo[39m: ЁЯЪА JD Dialer Backend running on http://localhost:3000
[2026-05-07 20:46:13] [32minfo[39m: ЁЯЪА JD Dialer Backend running on http://localhost:3000
[2026-05-07 20:53:56] [32minfo[39m: ЁЯЪА JD Dialer Backend running on http://localhost:3000
