[2026-05-05 04:41:26] [31merror[39m: POST /api/agents — Email already registered
[2026-05-05 15:03:54] [31merror[39m: POST /api/dialer/call/manual — Url is not a valid URL: http://localhost:3001/api/dialer/twiml/connect/1
[2026-05-05 20:18:44] [31merror[39m: GET /api/campaigns — 
Invalid `prisma.contact.count()` invocation in
/Volumes/iMac_Zee_HD2/dialer-backend/src/services/campaign.service.ts:44:24

  41 campaigns.map(async (c) => {
  42   const [pending, answered, missed, active] = await Promise.all([
  43     prisma.contact.count({ where: { campaignId: c.id, status: 'PENDING' } }),
→ 44     prisma.contact.count(
Timed out fetching a new connection from the connection pool. More info: http://pris.ly/d/connection-pool (Current connection pool timeout: 10, connection limit: 1)
[2026-05-05 20:18:45] [31merror[39m: GET /api/campaigns — 
Invalid `prisma.contact.count()` invocation in
/Volumes/iMac_Zee_HD2/dialer-backend/src/services/campaign.service.ts:43:24

  40 const enriched = await Promise.all(
  41   campaigns.map(async (c) => {
  42     const [pending, answered, missed, active] = await Promise.all([
→ 43       prisma.contact.count(
Timed out fetching a new connection from the connection pool. More info: http://pris.ly/d/connection-pool (Current connection pool timeout: 10, connection limit: 1)
[2026-05-05 20:18:48] [31merror[39m: GET /api/campaigns/stats — 
Invalid `prisma.campaign.count()` invocation in
/Volumes/iMac_Zee_HD2/dialer-backend/src/services/campaign.service.ts:195:21

  192 export const getCampaignStats = async () => {
  193   const [total, draft, active, paused, completed] = await Promise.all([
  194     prisma.campaign.count(),
→ 195     prisma.campaign.count(
Timed out fetching a new connection from the connection pool. More info: http://pris.ly/d/connection-pool (Current connection pool timeout: 10, connection limit: 1)
[2026-05-05 20:18:48] [31merror[39m: GET /api/campaigns — 
Invalid `prisma.campaign.findMany()` invocation in
/Volumes/iMac_Zee_HD2/dialer-backend/src/services/campaign.service.ts:22:21

  19 }
  20 
  21 const [campaigns, total] = await Promise.all([
→ 22   prisma.campaign.findMany(
Timed out fetching a new connection from the connection pool. More info: http://pris.ly/d/connection-pool (Current connection pool timeout: 10, connection limit: 1)
[2026-05-05 20:18:48] [31merror[39m: GET /api/campaigns — 
Invalid `prisma.campaign.findMany()` invocation in
/Volumes/iMac_Zee_HD2/dialer-backend/src/services/campaign.service.ts:22:21

  19 }
  20 
  21 const [campaigns, total] = await Promise.all([
→ 22   prisma.campaign.findMany(
Timed out fetching a new connection from the connection pool. More info: http://pris.ly/d/connection-pool (Current connection pool timeout: 10, connection limit: 1)
[2026-05-05 20:18:55] [31merror[39m: GET /api/campaigns/stats — 
Invalid `prisma.campaign.count()` invocation in
/Volumes/iMac_Zee_HD2/dialer-backend/src/services/campaign.service.ts:196:21

  193 const [total, draft, active, paused, completed] = await Promise.all([
  194   prisma.campaign.count(),
  195   prisma.campaign.count({ where: { status: 'DRAFT'     } }),
→ 196   prisma.campaign.count(
Timed out fetching a new connection from the connection pool. More info: http://pris.ly/d/connection-pool (Current connection pool timeout: 10, connection limit: 1)
[2026-05-05 20:18:55] [31merror[39m: GET /api/campaigns — 
Invalid `prisma.campaign.findMany()` invocation in
/Volumes/iMac_Zee_HD2/dialer-backend/src/services/campaign.service.ts:22:21

  19 }
  20 
  21 const [campaigns, total] = await Promise.all([
→ 22   prisma.campaign.findMany(
Timed out fetching a new connection from the connection pool. More info: http://pris.ly/d/connection-pool (Current connection pool timeout: 10, connection limit: 1)
[2026-05-05 20:19:11] [31merror[39m: GET /api/campaigns/stats — 
Invalid `prisma.campaign.count()` invocation in
/Volumes/iMac_Zee_HD2/dialer-backend/src/services/campaign.service.ts:198:21

  195 prisma.campaign.count({ where: { status: 'DRAFT'     } }),
  196 prisma.campaign.count({ where: { status: 'ACTIVE'    } }),
  197 prisma.campaign.count({ where: { status: 'PAUSED'    } }),
→ 198 prisma.campaign.count(
Timed out fetching a new connection from the connection pool. More info: http://pris.ly/d/connection-pool (Current connection pool timeout: 10, connection limit: 1)
[2026-05-05 20:19:15] [31merror[39m: GET /api/campaigns — 
Invalid `prisma.contact.count()` invocation in
/Volumes/iMac_Zee_HD2/dialer-backend/src/services/campaign.service.ts:44:24

  41 campaigns.map(async (c) => {
  42   const [pending, answered, missed, active] = await Promise.all([
  43     prisma.contact.count({ where: { campaignId: c.id, status: 'PENDING' } }),
→ 44     prisma.contact.count(
Timed out fetching a new connection from the connection pool. More info: http://pris.ly/d/connection-pool (Current connection pool timeout: 10, connection limit: 1)
[2026-05-05 20:19:23] [31merror[39m: GET /api/campaigns/stats — 
Invalid `prisma.campaign.count()` invocation in
/Volumes/iMac_Zee_HD2/dialer-backend/src/services/campaign.service.ts:198:21

  195 prisma.campaign.count({ where: { status: 'DRAFT'     } }),
  196 prisma.campaign.count({ where: { status: 'ACTIVE'    } }),
  197 prisma.campaign.count({ where: { status: 'PAUSED'    } }),
→ 198 prisma.campaign.count(
Timed out fetching a new connection from the connection pool. More info: http://pris.ly/d/connection-pool (Current connection pool timeout: 10, connection limit: 1)
[2026-05-05 20:19:25] [31merror[39m: GET /api/agents/stats — 
Invalid `prisma.user.count()` invocation in
/Volumes/iMac_Zee_HD2/dialer-backend/src/services/agent.service.ts:211:17

  208 prisma.user.count({ where: { status: 'ONLINE'   } }),
  209 prisma.user.count({ where: { status: 'READY'    } }),
  210 prisma.user.count({ where: { status: 'BUSY'     } }),
→ 211 prisma.user.count(
Timed out fetching a new connection from the connection pool. More info: http://pris.ly/d/connection-pool (Current connection pool timeout: 10, connection limit: 1)
[2026-05-05 20:19:25] [31merror[39m: GET /api/campaigns — 
Invalid `prisma.campaign.findMany()` invocation in
/Volumes/iMac_Zee_HD2/dialer-backend/src/services/campaign.service.ts:22:21

  19 }
  20 
  21 const [campaigns, total] = await Promise.all([
→ 22   prisma.campaign.findMany(
Timed out fetching a new connection from the connection pool. More info: http://pris.ly/d/connection-pool (Current connection pool timeout: 10, connection limit: 1)
[2026-05-05 20:19:26] [31merror[39m: GET /api/campaigns/stats — 
Invalid `prisma.campaign.count()` invocation in
/Volumes/iMac_Zee_HD2/dialer-backend/src/services/campaign.service.ts:195:21

  192 export const getCampaignStats = async () => {
  193   const [total, draft, active, paused, completed] = await Promise.all([
  194     prisma.campaign.count(),
→ 195     prisma.campaign.count(
Timed out fetching a new connection from the connection pool. More info: http://pris.ly/d/connection-pool (Current connection pool timeout: 10, connection limit: 1)
[2026-05-05 20:19:26] [31merror[39m: GET /api/agents/stats — 
Invalid `prisma.user.count()` invocation in
/Volumes/iMac_Zee_HD2/dialer-backend/src/services/agent.service.ts:207:17

  204 
  205 export const getAgentStats = async () => {
  206   const [total, online, ready, busy, wrapUp, offline] = await Promise.all([
→ 207     prisma.user.count(
Timed out fetching a new connection from the connection pool. More info: http://pris.ly/d/connection-pool (Current connection pool timeout: 10, connection limit: 1)
[2026-05-05 20:19:26] [31merror[39m: GET /api/agents/stats — 
Invalid `prisma.user.count()` invocation in
/Volumes/iMac_Zee_HD2/dialer-backend/src/services/agent.service.ts:207:17

  204 
  205 export const getAgentStats = async () => {
  206   const [total, online, ready, busy, wrapUp, offline] = await Promise.all([
→ 207     prisma.user.count(
Timed out fetching a new connection from the connection pool. More info: http://pris.ly/d/connection-pool (Current connection pool timeout: 10, connection limit: 1)
[2026-05-05 20:19:26] [31merror[39m: GET /api/agents — 
Invalid `prisma.user.findMany()` invocation in
/Volumes/iMac_Zee_HD2/dialer-backend/src/services/agent.service.ts:34:17

  31 }
  32 
  33 const [agents, total] = await Promise.all([
→ 34   prisma.user.findMany(
Timed out fetching a new connection from the connection pool. More info: http://pris.ly/d/connection-pool (Current connection pool timeout: 10, connection limit: 1)
[2026-05-05 20:19:26] [31merror[39m: GET /api/campaigns — 
Invalid `prisma.contact.count()` invocation in
/Volumes/iMac_Zee_HD2/dialer-backend/src/services/campaign.service.ts:44:24

  41 campaigns.map(async (c) => {
  42   const [pending, answered, missed, active] = await Promise.all([
  43     prisma.contact.count({ where: { campaignId: c.id, status: 'PENDING' } }),
→ 44     prisma.contact.count(
Timed out fetching a new connection from the connection pool. More info: http://pris.ly/d/connection-pool (Current connection pool timeout: 10, connection limit: 1)
[2026-05-25 00:35:22] [31merror[39m: GET /api/reports/calls?granularity=day — 
Invalid `prisma.$queryRaw()` invocation:


Raw query failed. Code: `42601`. Message: `ERROR: syntax error at or near "$1"`
[2026-05-25 00:35:26] [31merror[39m: GET /api/reports/calls?granularity=day — 
Invalid `prisma.$queryRaw()` invocation:


Raw query failed. Code: `42601`. Message: `ERROR: syntax error at or near "$1"`
[2026-05-25 00:35:27] [31merror[39m: GET /api/ops/summary — Route not found
[2026-05-25 00:35:27] [31merror[39m: GET /api/ops/summary — Route not found
[2026-05-25 00:35:38] [31merror[39m: POST /api/ops/run-notification-jobs — Route not found
[2026-05-25 00:35:39] [31merror[39m: GET /api/ops/summary — Route not found
[2026-05-25 00:36:46] [31merror[39m: GET /api/ops/summary — Route not found
[2026-05-25 00:36:46] [31merror[39m: GET /api/ops/summary — Route not found
[2026-05-25 00:37:51] [31merror[39m: GET /api/reports/calls?granularity=day — 
Invalid `prisma.$queryRaw()` invocation:


Raw query failed. Code: `42601`. Message: `ERROR: syntax error at or near "$1"`
[2026-05-25 00:37:55] [31merror[39m: GET /api/reports/calls?granularity=day — 
Invalid `prisma.$queryRaw()` invocation:


Raw query failed. Code: `42601`. Message: `ERROR: syntax error at or near "$1"`
[2026-05-25 22:26:21] [31merror[39m: GET /api/reports/calls?granularity=day — 
Invalid `prisma.$queryRaw()` invocation:


Raw query failed. Code: `42601`. Message: `ERROR: syntax error at or near "$1"`
[2026-05-25 22:26:26] [31merror[39m: GET /api/reports/calls?granularity=day — 
Invalid `prisma.$queryRaw()` invocation:


Raw query failed. Code: `42601`. Message: `ERROR: syntax error at or near "$1"`
[2026-05-25 22:26:27] [31merror[39m: GET /api/ops/summary — Route not found
[2026-05-25 22:26:27] [31merror[39m: GET /api/ops/summary — Route not found
[2026-05-25 22:26:32] [31merror[39m: POST /api/ops/run-notification-jobs — Route not found
[2026-05-25 22:26:33] [31merror[39m: POST /api/ops/run-notification-jobs — Route not found
[2026-05-25 22:26:33] [31merror[39m: POST /api/ops/run-notification-jobs — Route not found
[2026-05-25 23:10:59] [31merror[39m: GET /api/reports/calls?granularity=day — 
Invalid `prisma.$queryRaw()` invocation:


Raw query failed. Code: `42601`. Message: `ERROR: syntax error at or near "$1"`
[2026-05-25 23:11:03] [31merror[39m: GET /api/reports/calls?granularity=day — 
Invalid `prisma.$queryRaw()` invocation:


Raw query failed. Code: `42601`. Message: `ERROR: syntax error at or near "$1"`
[2026-05-25 23:11:42] [31merror[39m: GET /api/reports/calls?granularity=day — 
Invalid `prisma.$queryRaw()` invocation:


Raw query failed. Code: `42601`. Message: `ERROR: syntax error at or near "$1"`
[2026-05-25 23:11:52] [31merror[39m: GET /api/reports/calls?granularity=day — 
Invalid `prisma.$queryRaw()` invocation:


Raw query failed. Code: `42601`. Message: `ERROR: syntax error at or near "$1"`
[2026-05-25 23:13:23] [31merror[39m: GET /api/reports/calls?granularity=day — 
Invalid `prisma.$queryRaw()` invocation:


Raw query failed. Code: `42601`. Message: `ERROR: syntax error at or near "$1"`
[2026-05-25 23:13:29] [31merror[39m: GET /api/reports/calls?granularity=day — 
Invalid `prisma.$queryRaw()` invocation:


Raw query failed. Code: `42601`. Message: `ERROR: syntax error at or near "$1"`
[2026-05-25 23:41:10] [31merror[39m: GET /api/reports/calls?granularity=day — 
Invalid `prisma.$queryRaw()` invocation:


Raw query failed. Code: `42601`. Message: `ERROR: syntax error at or near "$1"`
[2026-05-25 23:41:14] [31merror[39m: GET /api/reports/calls?granularity=day — 
Invalid `prisma.$queryRaw()` invocation:


Raw query failed. Code: `42601`. Message: `ERROR: syntax error at or near "$1"`
[2026-05-26 01:46:30] [31merror[39m: GET /api/reports/calls?granularity=day — 
Invalid `prisma.$queryRaw()` invocation:


Raw query failed. Code: `42601`. Message: `ERROR: syntax error at or near "$1"`
[2026-05-26 01:46:34] [31merror[39m: GET /api/reports/calls?granularity=day — 
Invalid `prisma.$queryRaw()` invocation:


Raw query failed. Code: `42601`. Message: `ERROR: syntax error at or near "$1"`
[2026-05-26 02:09:20] [31merror[39m: GET /api/reports/calls?from=2026-05-23&to=2026-05-26&granularity=day — 
Invalid `prisma.$queryRaw()` invocation:


Raw query failed. Code: `42601`. Message: `ERROR: syntax error at or near "$1"`
[2026-05-26 02:10:44] [31merror[39m: GET /api/reports/calls?granularity=day — 
Invalid `prisma.$queryRaw()` invocation:


Raw query failed. Code: `42601`. Message: `ERROR: syntax error at or near "$1"`
[2026-05-26 02:10:49] [31merror[39m: GET /api/reports/calls?granularity=day — 
Invalid `prisma.$queryRaw()` invocation:


Raw query failed. Code: `42601`. Message: `ERROR: syntax error at or near "$1"`
[2026-05-26 02:40:58] [31merror[39m: GET /api/agents/stats — 
Invalid `prisma.user.count()` invocation in
/Volumes/iMac_Zee_HD2/dialer-backend/src/services/agent.service.ts:208:17

  205 export const getAgentStats = async () => {
  206   const [total, online, ready, busy, wrapUp, offline] = await Promise.all([
  207     prisma.user.count(),
→ 208     prisma.user.count(
Timed out fetching a new connection from the connection pool. More info: http://pris.ly/d/connection-pool (Current connection pool timeout: 10, connection limit: 1)
[2026-05-26 02:40:59] [31merror[39m: GET /api/agents — 
Invalid `prisma.user.count()` invocation in
/Volumes/iMac_Zee_HD2/dialer-backend/src/services/agent.service.ts:47:17

  44   skip:  (page - 1) * limit,
  45   take:  limit,
  46 }),
→ 47 prisma.user.count(
Timed out fetching a new connection from the connection pool. More info: http://pris.ly/d/connection-pool (Current connection pool timeout: 10, connection limit: 1)
[2026-05-26 02:40:59] [31merror[39m: GET /api/campaigns — 
Invalid `prisma.campaign.findMany()` invocation in
/Volumes/iMac_Zee_HD2/dialer-backend/src/services/campaign.service.ts:80:43

  77 
  78 // Keep these sequential. Supabase/Railway setups often use a tiny Prisma pool,
  79 // and parallel campaign list/stat requests were causing connection-pool timeouts.
→ 80 const campaigns = await prisma.campaign.findMany(
Timed out fetching a new connection from the connection pool. More info: http://pris.ly/d/connection-pool (Current connection pool timeout: 10, connection limit: 1)
[2026-05-26 03:53:37] [31merror[39m: GET /api/reports/trend?granularity=day — Route not found
[2026-05-26 04:48:33] [31merror[39m: GET /api/monitoring/summary — Route not found
[2026-05-26 04:48:33] [31merror[39m: GET /api/monitoring/summary — Route not found
[2026-05-26 04:48:38] [31merror[39m: POST /api/monitoring/runtime/reset — Route not found
[2026-05-26 04:48:52] [31merror[39m: GET /api/monitoring/summary — Route not found
[2026-05-26 04:48:52] [31merror[39m: GET /api/monitoring/summary — Route not found
[2026-05-26 04:49:49] [31merror[39m: GET /api/monitoring/summary — Route not found
[2026-05-26 04:50:21] [31merror[39m: GET /api/monitoring/summary — Route not found
[2026-05-26 04:50:21] [31merror[39m: GET /api/monitoring/summary — Route not found
[2026-05-26 04:57:07] [31merror[39m: GET /api/monitoring/summary — Route not found
[2026-05-26 04:57:07] [31merror[39m: GET /api/monitoring/summary — Route not found
[2026-05-26 04:57:40] [31merror[39m: GET /api/monitoring/summary — Route not found
[2026-05-26 05:06:05] [31merror[39m: POST /api/auth/login — Invalid email or password
[2026-05-26 10:09:41] [31merror[39m: GET /api/campaigns/stats — 
Invalid `prisma.campaign.groupBy()` invocation in
/Volumes/iMac_Zee_HD2/dialer-backend/src/services/campaign.service.ts:326:41

  323 }
  324 
  325 export const getCampaignStats = async () => {
→ 326   const grouped = await prisma.campaign.groupBy(
Timed out fetching a new connection from the connection pool. More info: http://pris.ly/d/connection-pool (Current connection pool timeout: 10, connection limit: 1)
[2026-05-26 10:09:42] [31merror[39m: GET /api/contacts/stats — 
Invalid `prisma.contact.groupBy()` invocation in
/Volumes/iMac_Zee_HD2/dialer-backend/src/services/contact.service.ts:274:40

  271 export const getContactStats = async (campaignId?: number) => {
  272   const where = campaignId ? { campaignId } : {}
  273 
→ 274   const grouped = await prisma.contact.groupBy(
Timed out fetching a new connection from the connection pool. More info: http://pris.ly/d/connection-pool (Current connection pool timeout: 10, connection limit: 1)
[2026-05-26 10:09:42] [31merror[39m: GET /api/reports/calls?granularity=day — 
Invalid `prisma.$queryRaw()` invocation:


Timed out fetching a new connection from the connection pool. More info: http://pris.ly/d/connection-pool (Current connection pool timeout: 10, connection limit: 1)
[2026-05-26 10:09:52] [31merror[39m: GET /api/reports/calls?granularity=day — 
Invalid `prisma.$queryRaw()` invocation:


Timed out fetching a new connection from the connection pool. More info: http://pris.ly/d/connection-pool (Current connection pool timeout: 10, connection limit: 1)
[2026-05-26 10:09:52] [31merror[39m: GET /api/calls?limit=100 — 
Invalid `prisma.call.findMany()` invocation in
/Volumes/iMac_Zee_HD2/dialer-backend/src/services/call.service.ts:151:35

  148 
  149 if (user?.role === 'AGENT') where.agentId = user.id
  150 
→ 151 const calls = await prisma.call.findMany(
Timed out fetching a new connection from the connection pool. More info: http://pris.ly/d/connection-pool (Current connection pool timeout: 10, connection limit: 1)
[2026-05-26 10:10:00] [31merror[39m: GET /api/recordings?limit=50 — 
Invalid `prisma.call.findMany()` invocation in
/Volumes/iMac_Zee_HD2/dialer-backend/src/services/recording.service.ts:36:40

  33   ]
  34 }
  35 
→ 36 const recordings = await prisma.call.findMany(
Timed out fetching a new connection from the connection pool. More info: http://pris.ly/d/connection-pool (Current connection pool timeout: 10, connection limit: 1)
[2026-05-26 10:10:02] [31merror[39m: GET /api/agents — 
Invalid `prisma.user.findMany()` invocation in
/Volumes/iMac_Zee_HD2/dialer-backend/src/services/agent.service.ts:34:36

  31 }
  32 
  33 // Keep sequential for small Supabase pooler connections.
→ 34 const agents = await prisma.user.findMany(
Timed out fetching a new connection from the connection pool. More info: http://pris.ly/d/connection-pool (Current connection pool timeout: 10, connection limit: 1)
[2026-05-26 10:10:02] [31merror[39m: GET /api/calls?limit=100 — 
Invalid `prisma.call.findMany()` invocation in
/Volumes/iMac_Zee_HD2/dialer-backend/src/services/call.service.ts:151:35

  148 
  149 if (user?.role === 'AGENT') where.agentId = user.id
  150 
→ 151 const calls = await prisma.call.findMany(
Timed out fetching a new connection from the connection pool. More info: http://pris.ly/d/connection-pool (Current connection pool timeout: 10, connection limit: 1)
[2026-05-26 10:10:05] [31merror[39m: GET /api/settings — 
Invalid `prisma.systemSetting.findMany()` invocation in
/Volumes/iMac_Zee_HD2/dialer-backend/src/services/settings.service.ts:21:43

  18 }
  19 
  20 export const getSettings = async () => {
→ 21   const rows = await prisma.systemSetting.findMany(
Timed out fetching a new connection from the connection pool. More info: http://pris.ly/d/connection-pool (Current connection pool timeout: 10, connection limit: 1)
[2026-05-26 10:10:05] [31merror[39m: GET /api/contacts?limit=200 — 
Invalid `prisma.contact.findMany()` invocation in
/Volumes/iMac_Zee_HD2/dialer-backend/src/services/contact.service.ts:40:20

  37 }
  38 
  39 const [contacts, total] = await Promise.all([
→ 40   prisma.contact.findMany(
Timed out fetching a new connection from the connection pool. More info: http://pris.ly/d/connection-pool (Current connection pool timeout: 10, connection limit: 1)
[2026-05-26 10:10:08] [31merror[39m: GET /api/campaigns?status=ACTIVE — 
Invalid `prisma.campaign.findMany()` invocation in
/Volumes/iMac_Zee_HD2/dialer-backend/src/services/campaign.service.ts:80:43

  77 
  78 // Keep these sequential. Supabase/Railway setups often use a tiny Prisma pool,
  79 // and parallel campaign list/stat requests were causing connection-pool timeouts.
→ 80 const campaigns = await prisma.campaign.findMany(
Timed out fetching a new connection from the connection pool. More info: http://pris.ly/d/connection-pool (Current connection pool timeout: 10, connection limit: 1)
[2026-05-26 10:10:09] [31merror[39m: GET /api/audit-logs?limit=50 — 
Invalid `prisma.auditLog.count()` invocation in
/Volumes/iMac_Zee_HD2/dialer-backend/src/services/audit.service.ts:87:39

  84   skip: (page - 1) * limit,
  85   take: limit,
  86 })
→ 87 const total = await prisma.auditLog.count(
Timed out fetching a new connection from the connection pool. More info: http://pris.ly/d/connection-pool (Current connection pool timeout: 10, connection limit: 1)
[2026-05-26 10:10:10] [31merror[39m: GET /api/recordings?limit=50 — 
Invalid `prisma.call.findMany()` invocation in
/Volumes/iMac_Zee_HD2/dialer-backend/src/services/recording.service.ts:36:40

  33   ]
  34 }
  35 
→ 36 const recordings = await prisma.call.findMany(
Timed out fetching a new connection from the connection pool. More info: http://pris.ly/d/connection-pool (Current connection pool timeout: 10, connection limit: 1)
[2026-05-26 10:10:12] [31merror[39m: GET /api/agents — 
Invalid `prisma.user.findMany()` invocation in
/Volumes/iMac_Zee_HD2/dialer-backend/src/services/agent.service.ts:34:36

  31 }
  32 
  33 // Keep sequential for small Supabase pooler connections.
→ 34 const agents = await prisma.user.findMany(
Timed out fetching a new connection from the connection pool. More info: http://pris.ly/d/connection-pool (Current connection pool timeout: 10, connection limit: 1)
[2026-05-26 10:10:13] [31merror[39m: GET /api/audit-logs?limit=50 — 
Invalid `prisma.auditLog.findMany()` invocation in
/Volumes/iMac_Zee_HD2/dialer-backend/src/services/audit.service.ts:81:38

  78   ]
  79 }
  80 
→ 81 const logs = await prisma.auditLog.findMany(
Timed out fetching a new connection from the connection pool. More info: http://pris.ly/d/connection-pool (Current connection pool timeout: 10, connection limit: 1)
[2026-05-26 10:10:15] [31merror[39m: GET /api/contacts?limit=200 — 
Invalid `prisma.contact.findMany()` invocation in
/Volumes/iMac_Zee_HD2/dialer-backend/src/services/contact.service.ts:40:20

  37 }
  38 
  39 const [contacts, total] = await Promise.all([
→ 40   prisma.contact.findMany(
Timed out fetching a new connection from the connection pool. More info: http://pris.ly/d/connection-pool (Current connection pool timeout: 10, connection limit: 1)
[2026-05-26 10:10:18] [31merror[39m: GET /api/campaigns?status=ACTIVE — 
Invalid `prisma.campaign.findMany()` invocation in
/Volumes/iMac_Zee_HD2/dialer-backend/src/services/campaign.service.ts:80:43

  77 
  78 // Keep these sequential. Supabase/Railway setups often use a tiny Prisma pool,
  79 // and parallel campaign list/stat requests were causing connection-pool timeouts.
→ 80 const campaigns = await prisma.campaign.findMany(
Timed out fetching a new connection from the connection pool. More info: http://pris.ly/d/connection-pool (Current connection pool timeout: 10, connection limit: 1)
[2026-05-26 10:10:20] [31merror[39m: GET /api/contacts?limit=200 — 
Invalid `prisma.contact.count()` invocation in
/Volumes/iMac_Zee_HD2/dialer-backend/src/services/contact.service.ts:52:20

  49   skip:  (page - 1) * limit,
  50   take:  limit,
  51 }),
→ 52 prisma.contact.count(
Timed out fetching a new connection from the connection pool. More info: http://pris.ly/d/connection-pool (Current connection pool timeout: 10, connection limit: 1)
[2026-05-26 10:10:24] [31merror[39m: GET /api/contacts?limit=200 — 
Invalid `prisma.contact.findMany()` invocation in
/Volumes/iMac_Zee_HD2/dialer-backend/src/services/contact.service.ts:40:20

  37 }
  38 
  39 const [contacts, total] = await Promise.all([
→ 40   prisma.contact.findMany(
Timed out fetching a new connection from the connection pool. More info: http://pris.ly/d/connection-pool (Current connection pool timeout: 10, connection limit: 1)
[2026-05-26 10:10:24] [31merror[39m: GET /api/campaigns?status=ACTIVE — 
Invalid `prisma.campaign.findMany()` invocation in
/Volumes/iMac_Zee_HD2/dialer-backend/src/services/campaign.service.ts:80:43

  77 
  78 // Keep these sequential. Supabase/Railway setups often use a tiny Prisma pool,
  79 // and parallel campaign list/stat requests were causing connection-pool timeouts.
→ 80 const campaigns = await prisma.campaign.findMany(
Timed out fetching a new connection from the connection pool. More info: http://pris.ly/d/connection-pool (Current connection pool timeout: 10, connection limit: 1)
[2026-05-26 10:10:34] [31merror[39m: GET /api/campaigns?status=ACTIVE — 
Invalid `prisma.campaign.findMany()` invocation in
/Volumes/iMac_Zee_HD2/dialer-backend/src/services/campaign.service.ts:80:43

  77 
  78 // Keep these sequential. Supabase/Railway setups often use a tiny Prisma pool,
  79 // and parallel campaign list/stat requests were causing connection-pool timeouts.
→ 80 const campaigns = await prisma.campaign.findMany(
Timed out fetching a new connection from the connection pool. More info: http://pris.ly/d/connection-pool (Current connection pool timeout: 10, connection limit: 1)
[2026-05-26 10:10:39] [31merror[39m: GET /api/campaigns?status=ACTIVE — 
Invalid `prisma.campaign.findMany()` invocation in
/Volumes/iMac_Zee_HD2/dialer-backend/src/services/campaign.service.ts:80:43

  77 
  78 // Keep these sequential. Supabase/Railway setups often use a tiny Prisma pool,
  79 // and parallel campaign list/stat requests were causing connection-pool timeouts.
→ 80 const campaigns = await prisma.campaign.findMany(
Timed out fetching a new connection from the connection pool. More info: http://pris.ly/d/connection-pool (Current connection pool timeout: 10, connection limit: 1)
[2026-05-26 10:10:46] [31merror[39m: GET /api/contacts?limit=200 — 
Invalid `prisma.contact.count()` invocation in
/Volumes/iMac_Zee_HD2/dialer-backend/src/services/contact.service.ts:52:20

  49   skip:  (page - 1) * limit,
  50   take:  limit,
  51 }),
→ 52 prisma.contact.count(
Timed out fetching a new connection from the connection pool. More info: http://pris.ly/d/connection-pool (Current connection pool timeout: 10, connection limit: 1)
[2026-05-26 10:10:49] [31merror[39m: GET /api/contacts?limit=200 — 
Invalid `prisma.contact.count()` invocation in
/Volumes/iMac_Zee_HD2/dialer-backend/src/services/contact.service.ts:52:20

  49   skip:  (page - 1) * limit,
  50   take:  limit,
  51 }),
→ 52 prisma.contact.count(
Timed out fetching a new connection from the connection pool. More info: http://pris.ly/d/connection-pool (Current connection pool timeout: 10, connection limit: 1)
[2026-05-26 10:10:50] [31merror[39m: GET /api/contacts?limit=200 — 
Invalid `prisma.contact.count()` invocation in
/Volumes/iMac_Zee_HD2/dialer-backend/src/services/contact.service.ts:52:20

  49   skip:  (page - 1) * limit,
  50   take:  limit,
  51 }),
→ 52 prisma.contact.count(
Timed out fetching a new connection from the connection pool. More info: http://pris.ly/d/connection-pool (Current connection pool timeout: 10, connection limit: 1)
[2026-05-26 10:11:23] [31merror[39m: GET /api/contacts?limit=200 — 
Invalid `prisma.contact.count()` invocation in
/Volumes/iMac_Zee_HD2/dialer-backend/src/services/contact.service.ts:52:20

  49   skip:  (page - 1) * limit,
  50   take:  limit,
  51 }),
→ 52 prisma.contact.count(
Timed out fetching a new connection from the connection pool. More info: http://pris.ly/d/connection-pool (Current connection pool timeout: 10, connection limit: 1)
[2026-05-26 11:28:49] [31merror[39m: GET /api/contacts/stats — 
Invalid `prisma.contact.groupBy()` invocation in
/Volumes/iMac_Zee_HD2/dialer-backend/src/services/contact.service.ts:274:40

  271 export const getContactStats = async (campaignId?: number) => {
  272   const where = campaignId ? { campaignId } : {}
  273 
→ 274   const grouped = await prisma.contact.groupBy(
Timed out fetching a new connection from the connection pool. More info: http://pris.ly/d/connection-pool (Current connection pool timeout: 10, connection limit: 1)
[2026-05-26 11:28:53] [31merror[39m: GET /api/calls?limit=100 — 
Invalid `prisma.call.findMany()` invocation in
/Volumes/iMac_Zee_HD2/dialer-backend/src/services/call.service.ts:151:35

  148 
  149 if (user?.role === 'AGENT') where.agentId = user.id
  150 
→ 151 const calls = await prisma.call.findMany(
Timed out fetching a new connection from the connection pool. More info: http://pris.ly/d/connection-pool (Current connection pool timeout: 10, connection limit: 1)
[2026-05-26 11:29:32] [31merror[39m: GET /api/agents/stats — 
Invalid `prisma.user.groupBy()` invocation in
/Volumes/iMac_Zee_HD2/dialer-backend/src/services/agent.service.ts:205:37

  202 }
  203 
  204 export const getAgentStats = async () => {
→ 205   const grouped = await prisma.user.groupBy(
Timed out fetching a new connection from the connection pool. More info: http://pris.ly/d/connection-pool (Current connection pool timeout: 10, connection limit: 1)
[2026-05-26 11:29:36] [31merror[39m: GET /api/contacts?limit=200 — 
Invalid `prisma.contact.findMany()` invocation in
/Volumes/iMac_Zee_HD2/dialer-backend/src/services/contact.service.ts:40:20

  37 }
  38 
  39 const [contacts, total] = await Promise.all([
→ 40   prisma.contact.findMany(
Timed out fetching a new connection from the connection pool. More info: http://pris.ly/d/connection-pool (Current connection pool timeout: 10, connection limit: 1)
[2026-05-26 11:29:36] [31merror[39m: GET /api/campaigns?status=ACTIVE — 
Invalid `prisma.campaign.findMany()` invocation in
/Volumes/iMac_Zee_HD2/dialer-backend/src/services/campaign.service.ts:80:43

  77 
  78 // Keep these sequential. Supabase/Railway setups often use a tiny Prisma pool,
  79 // and parallel campaign list/stat requests were causing connection-pool timeouts.
→ 80 const campaigns = await prisma.campaign.findMany(
Timed out fetching a new connection from the connection pool. More info: http://pris.ly/d/connection-pool (Current connection pool timeout: 10, connection limit: 1)
[2026-05-26 11:29:43] [31merror[39m: GET /api/campaigns?status=ACTIVE&limit=6 — 
Invalid `prisma.campaign.findMany()` invocation in
/Volumes/iMac_Zee_HD2/dialer-backend/src/services/campaign.service.ts:80:43

  77 
  78 // Keep these sequential. Supabase/Railway setups often use a tiny Prisma pool,
  79 // and parallel campaign list/stat requests were causing connection-pool timeouts.
→ 80 const campaigns = await prisma.campaign.findMany(
Timed out fetching a new connection from the connection pool. More info: http://pris.ly/d/connection-pool (Current connection pool timeout: 10, connection limit: 1)
[2026-05-26 11:29:43] [31merror[39m: GET /api/campaigns — 
Invalid `prisma.campaign.findMany()` invocation in
/Volumes/iMac_Zee_HD2/dialer-backend/src/services/campaign.service.ts:80:43

  77 
  78 // Keep these sequential. Supabase/Railway setups often use a tiny Prisma pool,
  79 // and parallel campaign list/stat requests were causing connection-pool timeouts.
→ 80 const campaigns = await prisma.campaign.findMany(
Timed out fetching a new connection from the connection pool. More info: http://pris.ly/d/connection-pool (Current connection pool timeout: 10, connection limit: 1)
[2026-05-26 11:29:46] [31merror[39m: GET /api/contacts?limit=50 — 
Invalid `prisma.contact.findMany()` invocation in
/Volumes/iMac_Zee_HD2/dialer-backend/src/services/contact.service.ts:40:20

  37 }
  38 
  39 const [contacts, total] = await Promise.all([
→ 40   prisma.contact.findMany(
Timed out fetching a new connection from the connection pool. More info: http://pris.ly/d/connection-pool (Current connection pool timeout: 10, connection limit: 1)
[2026-05-26 11:29:46] [31merror[39m: GET /api/contacts/stats — 
Invalid `prisma.contact.groupBy()` invocation in
/Volumes/iMac_Zee_HD2/dialer-backend/src/services/contact.service.ts:274:40

  271 export const getContactStats = async (campaignId?: number) => {
  272   const where = campaignId ? { campaignId } : {}
  273 
→ 274   const grouped = await prisma.contact.groupBy(
Timed out fetching a new connection from the connection pool. More info: http://pris.ly/d/connection-pool (Current connection pool timeout: 10, connection limit: 1)
[2026-05-26 11:29:46] [31merror[39m: GET /api/calls?limit=100 — 
Invalid `prisma.call.findMany()` invocation in
/Volumes/iMac_Zee_HD2/dialer-backend/src/services/call.service.ts:151:35

  148 
  149 if (user?.role === 'AGENT') where.agentId = user.id
  150 
→ 151 const calls = await prisma.call.findMany(
Timed out fetching a new connection from the connection pool. More info: http://pris.ly/d/connection-pool (Current connection pool timeout: 10, connection limit: 1)
[2026-05-26 11:29:46] [31merror[39m: GET /api/contacts?limit=200 — 
Invalid `prisma.contact.findMany()` invocation in
/Volumes/iMac_Zee_HD2/dialer-backend/src/services/contact.service.ts:40:20

  37 }
  38 
  39 const [contacts, total] = await Promise.all([
→ 40   prisma.contact.findMany(
Timed out fetching a new connection from the connection pool. More info: http://pris.ly/d/connection-pool (Current connection pool timeout: 10, connection limit: 1)
[2026-05-26 11:29:53] [31merror[39m: GET /api/calls?page=1&limit=25 — 
Invalid `prisma.call.findMany()` invocation in
/Volumes/iMac_Zee_HD2/dialer-backend/src/services/call.service.ts:151:35

  148 
  149 if (user?.role === 'AGENT') where.agentId = user.id
  150 
→ 151 const calls = await prisma.call.findMany(
Timed out fetching a new connection from the connection pool. More info: http://pris.ly/d/connection-pool (Current connection pool timeout: 10, connection limit: 1)
[2026-05-26 11:29:56] [31merror[39m: GET /api/campaigns — 
Invalid `prisma.campaign.findMany()` invocation in
/Volumes/iMac_Zee_HD2/dialer-backend/src/services/campaign.service.ts:80:43

  77 
  78 // Keep these sequential. Supabase/Railway setups often use a tiny Prisma pool,
  79 // and parallel campaign list/stat requests were causing connection-pool timeouts.
→ 80 const campaigns = await prisma.campaign.findMany(
Timed out fetching a new connection from the connection pool. More info: http://pris.ly/d/connection-pool (Current connection pool timeout: 10, connection limit: 1)
[2026-05-26 11:29:56] [31merror[39m: GET /api/contacts?limit=50 — 
Invalid `prisma.contact.findMany()` invocation in
/Volumes/iMac_Zee_HD2/dialer-backend/src/services/contact.service.ts:40:20

  37 }
  38 
  39 const [contacts, total] = await Promise.all([
→ 40   prisma.contact.findMany(
Timed out fetching a new connection from the connection pool. More info: http://pris.ly/d/connection-pool (Current connection pool timeout: 10, connection limit: 1)
[2026-05-26 11:29:58] [31merror[39m: GET /api/contacts?limit=200 — 
Invalid `prisma.contact.findMany()` invocation in
/Volumes/iMac_Zee_HD2/dialer-backend/src/services/contact.service.ts:40:20

  37 }
  38 
  39 const [contacts, total] = await Promise.all([
→ 40   prisma.contact.findMany(
Timed out fetching a new connection from the connection pool. More info: http://pris.ly/d/connection-pool (Current connection pool timeout: 10, connection limit: 1)
[2026-05-26 11:29:58] [31merror[39m: GET /api/campaigns?status=ACTIVE — 
Invalid `prisma.campaign.findMany()` invocation in
/Volumes/iMac_Zee_HD2/dialer-backend/src/services/campaign.service.ts:80:43

  77 
  78 // Keep these sequential. Supabase/Railway setups often use a tiny Prisma pool,
  79 // and parallel campaign list/stat requests were causing connection-pool timeouts.
→ 80 const campaigns = await prisma.campaign.findMany(
Timed out fetching a new connection from the connection pool. More info: http://pris.ly/d/connection-pool (Current connection pool timeout: 10, connection limit: 1)
[2026-05-26 11:29:59] [31merror[39m: POST /api/calls — 
Invalid `prisma.campaign.findFirst()` invocation in
/Volumes/iMac_Zee_HD2/dialer-backend/src/services/call.service.ts:62:42

  59 }
  60 
  61 const getOrCreateSystemCampaign = async () => {
→ 62   const existing = await prisma.campaign.findFirst(
Timed out fetching a new connection from the connection pool. More info: http://pris.ly/d/connection-pool (Current connection pool timeout: 10, connection limit: 1)
[2026-05-26 11:30:00] [31merror[39m: GET /api/agents — 
Invalid `prisma.user.count()` invocation in
/Volumes/iMac_Zee_HD2/dialer-backend/src/services/agent.service.ts:47:35

  44   skip:  (page - 1) * limit,
  45   take:  limit,
  46 })
→ 47 const total = await prisma.user.count(
Timed out fetching a new connection from the connection pool. More info: http://pris.ly/d/connection-pool (Current connection pool timeout: 10, connection limit: 1)
[2026-05-26 11:30:00] [31merror[39m: GET /api/agents — 
Invalid `prisma.user.findMany()` invocation in
/Volumes/iMac_Zee_HD2/dialer-backend/src/services/agent.service.ts:34:36

  31 }
  32 
  33 // Keep sequential for small Supabase pooler connections.
→ 34 const agents = await prisma.user.findMany(
Timed out fetching a new connection from the connection pool. More info: http://pris.ly/d/connection-pool (Current connection pool timeout: 10, connection limit: 1)
[2026-05-26 11:30:02] [31merror[39m: GET /api/contacts?limit=200 — 
Invalid `prisma.contact.count()` invocation in
/Volumes/iMac_Zee_HD2/dialer-backend/src/services/contact.service.ts:52:20

  49   skip:  (page - 1) * limit,
  50   take:  limit,
  51 }),
→ 52 prisma.contact.count(
Timed out fetching a new connection from the connection pool. More info: http://pris.ly/d/connection-pool (Current connection pool timeout: 10, connection limit: 1)
[2026-05-26 11:30:02] [31merror[39m: GET /api/contacts?limit=200 — 
Invalid `prisma.contact.findMany()` invocation in
/Volumes/iMac_Zee_HD2/dialer-backend/src/services/contact.service.ts:40:20

  37 }
  38 
  39 const [contacts, total] = await Promise.all([
→ 40   prisma.contact.findMany(
Timed out fetching a new connection from the connection pool. More info: http://pris.ly/d/connection-pool (Current connection pool timeout: 10, connection limit: 1)
[2026-05-26 11:30:03] [31merror[39m: GET /api/calls?page=1&limit=25 — 
Invalid `prisma.call.findMany()` invocation in
/Volumes/iMac_Zee_HD2/dialer-backend/src/services/call.service.ts:151:35

  148 
  149 if (user?.role === 'AGENT') where.agentId = user.id
  150 
→ 151 const calls = await prisma.call.findMany(
Timed out fetching a new connection from the connection pool. More info: http://pris.ly/d/connection-pool (Current connection pool timeout: 10, connection limit: 1)
[2026-05-26 11:30:07] [31merror[39m: GET /api/contacts?limit=200 — 
Invalid `prisma.contact.findMany()` invocation in
/Volumes/iMac_Zee_HD2/dialer-backend/src/services/contact.service.ts:40:20

  37 }
  38 
  39 const [contacts, total] = await Promise.all([
→ 40   prisma.contact.findMany(
Timed out fetching a new connection from the connection pool. More info: http://pris.ly/d/connection-pool (Current connection pool timeout: 10, connection limit: 1)
[2026-05-26 11:30:11] [31merror[39m: GET /api/agents — 
Invalid `prisma.user.count()` invocation in
/Volumes/iMac_Zee_HD2/dialer-backend/src/services/agent.service.ts:47:35

  44   skip:  (page - 1) * limit,
  45   take:  limit,
  46 })
→ 47 const total = await prisma.user.count(
Timed out fetching a new connection from the connection pool. More info: http://pris.ly/d/connection-pool (Current connection pool timeout: 10, connection limit: 1)
[2026-05-26 16:42:43] [31merror[39m: GET / — Route not found
